<?xml version="1.0" encoding="UTF-8"?>
<testng-results ignored="0" total="1" passed="1" failed="0" skipped="0">
  <reporter-output>
  </reporter-output>
  <suite started-at="2022-03-31T12:48:49 IST" name="Default suite" finished-at="2022-03-31T12:50:17 IST" duration-ms="87633">
    <groups>
    </groups>
    <test started-at="2022-03-31T12:48:49 IST" name="Default test" finished-at="2022-03-31T12:50:17 IST" duration-ms="87633">
      <class name="com.inetbanking.testCases.TC_LoginTest_001">
        <test-method is-config="true" signature="setUp(java.lang.String,java.lang.String)[pri:0, instance:com.inetbanking.testCases.TC_LoginTest_001@26e356f0]" started-at="2022-03-31T12:48:49 IST" name="setUp" finished-at="2022-03-31T12:50:03 IST" duration-ms="74081" status="PASS">
          <params>
            <param index="0">
              <value>
                <![CDATA[Chrome]]>
              </value>
            </param>
            <param index="1">
              <value>
                <![CDATA[https://demo.guru99.com/v4/]]>
              </value>
            </param>
          </params>
          <reporter-output>
          </reporter-output>
        </test-method> <!-- setUp -->
        <test-method signature="loginTest()[pri:0, instance:com.inetbanking.testCases.TC_LoginTest_001@26e356f0]" started-at="2022-03-31T12:50:03 IST" name="loginTest" finished-at="2022-03-31T12:50:14 IST" duration-ms="10719" status="PASS">
          <reporter-output>
          </reporter-output>
        </test-method> <!-- loginTest -->
        <test-method is-config="true" signature="tearDown()[pri:0, instance:com.inetbanking.testCases.TC_LoginTest_001@26e356f0]" started-at="2022-03-31T12:50:14 IST" name="tearDown" finished-at="2022-03-31T12:50:17 IST" duration-ms="2759" status="PASS">
          <reporter-output>
          </reporter-output>
        </test-method> <!-- tearDown -->
      </class> <!-- com.inetbanking.testCases.TC_LoginTest_001 -->
    </test> <!-- Default test -->
  </suite> <!-- Default suite -->
</testng-results>
